2014-05-28 15:24:39 Error: [MissingDatasourceConfigException] The datasource configuration "default" was not found in database.php
Exception Attributes: array (
  'config' => 'default',
)
Request URL: /tuplanya/
Stack Trace:
#0 /var/www/php/framework/cake/cakephp-2.4.3/lib/Cake/Model/ConnectionManager.php(91): ConnectionManager::_getConnectionObject('default')
#1 /var/www/php/framework/cake/cakephp-2.4.3/lib/Cake/Model/Model.php(3471): ConnectionManager::getDataSource('default')
#2 /var/www/php/framework/cake/cakephp-2.4.3/lib/Cake/Model/Model.php(1126): Model->setDataSource('default')
#3 /var/www/php/framework/cake/cakephp-2.4.3/lib/Cake/Model/Model.php(3493): Model->setSource('provincias')
#4 /var/www/php/framework/cake/cakephp-2.4.3/lib/Cake/Model/Model.php(2897): Model->getDataSource()
#5 /var/www/php/framework/cake/cakephp-2.4.3/lib/Cake/Model/Model.php(2869): Model->_readDataSource('list', Array)
#6 /var/www/php/dev/nskolaris/tuplanya/app/Controller/AppController.php(142): Model->find('list')
#7 [internal function]: AppController->beforeFilter(Object(CakeEvent))
#8 /var/www/php/framework/cake/cakephp-2.4.3/lib/Cake/Event/CakeEventManager.php(247): call_user_func(Array, Object(CakeEvent))
#9 /var/www/php/framework/cake/cakephp-2.4.3/lib/Cake/Controller/Controller.php(674): CakeEventManager->dispatch(Object(CakeEvent))
#10 /var/www/php/framework/cake/cakephp-2.4.3/lib/Cake/Routing/Dispatcher.php(182): Controller->startupProcess()
#11 /var/www/php/framework/cake/cakephp-2.4.3/lib/Cake/Routing/Dispatcher.php(160): Dispatcher->_invoke(Object(PlanesController), Object(CakeRequest), Object(CakeResponse))
#12 /var/www/php/dev/nskolaris/tuplanya/app/webroot/index.php(100): Dispatcher->dispatch(Object(CakeRequest), Object(CakeResponse))
#13 {main}
2014-05-28 15:24:39 Error: [MissingDatasourceConfigException] The datasource configuration "default" was not found in database.php
Exception Attributes: array (
  'config' => 'default',
)
Request URL: /tuplanya/
Stack Trace:
#0 /var/www/php/framework/cake/cakephp-2.4.3/lib/Cake/Model/ConnectionManager.php(91): ConnectionManager::_getConnectionObject('default')
#1 /var/www/php/framework/cake/cakephp-2.4.3/lib/Cake/Model/Model.php(3471): ConnectionManager::getDataSource('default')
#2 /var/www/php/framework/cake/cakephp-2.4.3/lib/Cake/Model/Model.php(1126): Model->setDataSource('default')
#3 /var/www/php/framework/cake/cakephp-2.4.3/lib/Cake/Model/Model.php(3493): Model->setSource('provincias')
#4 /var/www/php/framework/cake/cakephp-2.4.3/lib/Cake/Model/Model.php(2897): Model->getDataSource()
#5 /var/www/php/framework/cake/cakephp-2.4.3/lib/Cake/Model/Model.php(2869): Model->_readDataSource('list', Array)
#6 /var/www/php/dev/nskolaris/tuplanya/app/Controller/AppController.php(142): Model->find('list')
#7 [internal function]: AppController->beforeFilter(Object(CakeEvent))
#8 /var/www/php/framework/cake/cakephp-2.4.3/lib/Cake/Event/CakeEventManager.php(247): call_user_func(Array, Object(CakeEvent))
#9 /var/www/php/framework/cake/cakephp-2.4.3/lib/Cake/Controller/Controller.php(674): CakeEventManager->dispatch(Object(CakeEvent))
#10 /var/www/php/framework/cake/cakephp-2.4.3/lib/Cake/Routing/Dispatcher.php(182): Controller->startupProcess()
#11 /var/www/php/framework/cake/cakephp-2.4.3/lib/Cake/Routing/Dispatcher.php(160): Dispatcher->_invoke(Object(PlanesController), Object(CakeRequest), Object(CakeResponse))
#12 /var/www/php/dev/nskolaris/tuplanya/app/webroot/index.php(100): Dispatcher->dispatch(Object(CakeRequest), Object(CakeResponse))
#13 {main}
2014-05-28 15:25:00 Error: [MissingControllerException] Controller class CssController could not be found.
Exception Attributes: array (
  'class' => 'CssController',
  'plugin' => NULL,
)
Request URL: /tuplanya/css/.css
Stack Trace:
#0 /var/www/php/dev/nskolaris/tuplanya/app/webroot/index.php(100): Dispatcher->dispatch(Object(CakeRequest), Object(CakeResponse))
#1 {main}
2014-05-28 15:25:00 Error: [MissingControllerException] Controller class JsController could not be found.
Exception Attributes: array (
  'class' => 'JsController',
  'plugin' => NULL,
)
Request URL: /tuplanya/js/.js
Stack Trace:
#0 /var/www/php/dev/nskolaris/tuplanya/app/webroot/index.php(100): Dispatcher->dispatch(Object(CakeRequest), Object(CakeResponse))
#1 {main}
2014-05-28 15:25:00 Error: [MissingControllerException] Controller class CssController could not be found.
Exception Attributes: array (
  'class' => 'CssController',
  'plugin' => NULL,
)
Request URL: /tuplanya/css/.css
Stack Trace:
#0 /var/www/php/dev/nskolaris/tuplanya/app/webroot/index.php(100): Dispatcher->dispatch(Object(CakeRequest), Object(CakeResponse))
#1 {main}
2014-05-28 15:25:00 Error: [MissingControllerException] Controller class JsController could not be found.
Exception Attributes: array (
  'class' => 'JsController',
  'plugin' => NULL,
)
Request URL: /tuplanya/js/.js
Stack Trace:
#0 /var/www/php/dev/nskolaris/tuplanya/app/webroot/index.php(100): Dispatcher->dispatch(Object(CakeRequest), Object(CakeResponse))
#1 {main}
2014-05-28 15:25:47 Error: [MissingControllerException] Controller class JsController could not be found.
Exception Attributes: array (
  'class' => 'JsController',
  'plugin' => NULL,
)
Request URL: /tuplanya/js/share.js
Stack Trace:
#0 /var/www/php/dev/nskolaris/tuplanya/app/webroot/index.php(100): Dispatcher->dispatch(Object(CakeRequest), Object(CakeResponse))
#1 {main}
2014-05-28 15:25:48 Error: [MissingControllerException] Controller class JsController could not be found.
Exception Attributes: array (
  'class' => 'JsController',
  'plugin' => NULL,
)
Request URL: /tuplanya/js/share.js
Stack Trace:
#0 /var/www/php/dev/nskolaris/tuplanya/app/webroot/index.php(100): Dispatcher->dispatch(Object(CakeRequest), Object(CakeResponse))
#1 {main}
2014-05-28 15:27:49 Error: [MissingControllerException] Controller class CssController could not be found.
Exception Attributes: array (
  'class' => 'CssController',
  'plugin' => NULL,
)
Request URL: /tuplanya/css/.css
Stack Trace:
#0 /var/www/php/dev/nskolaris/tuplanya/app/webroot/index.php(100): Dispatcher->dispatch(Object(CakeRequest), Object(CakeResponse))
#1 {main}
2014-05-28 15:27:49 Error: [MissingControllerException] Controller class JsController could not be found.
Exception Attributes: array (
  'class' => 'JsController',
  'plugin' => NULL,
)
Request URL: /tuplanya/js/.js
Stack Trace:
#0 /var/www/php/dev/nskolaris/tuplanya/app/webroot/index.php(100): Dispatcher->dispatch(Object(CakeRequest), Object(CakeResponse))
#1 {main}
2014-05-28 15:27:50 Error: [MissingControllerException] Controller class CssController could not be found.
Exception Attributes: array (
  'class' => 'CssController',
  'plugin' => NULL,
)
Request URL: /tuplanya/css/.css
Stack Trace:
#0 /var/www/php/dev/nskolaris/tuplanya/app/webroot/index.php(100): Dispatcher->dispatch(Object(CakeRequest), Object(CakeResponse))
#1 {main}
2014-05-28 15:27:51 Error: [MissingControllerException] Controller class JsController could not be found.
Exception Attributes: array (
  'class' => 'JsController',
  'plugin' => NULL,
)
Request URL: /tuplanya/js/.js
Stack Trace:
#0 /var/www/php/dev/nskolaris/tuplanya/app/webroot/index.php(100): Dispatcher->dispatch(Object(CakeRequest), Object(CakeResponse))
#1 {main}
2014-05-28 15:28:03 Error: [MissingControllerException] Controller class JsController could not be found.
Exception Attributes: array (
  'class' => 'JsController',
  'plugin' => NULL,
)
Request URL: /tuplanya/js/share.js
Stack Trace:
#0 /var/www/php/dev/nskolaris/tuplanya/app/webroot/index.php(100): Dispatcher->dispatch(Object(CakeRequest), Object(CakeResponse))
#1 {main}
2014-05-28 15:28:04 Error: [MissingControllerException] Controller class JsController could not be found.
Exception Attributes: array (
  'class' => 'JsController',
  'plugin' => NULL,
)
Request URL: /tuplanya/js/share.js
Stack Trace:
#0 /var/www/php/dev/nskolaris/tuplanya/app/webroot/index.php(100): Dispatcher->dispatch(Object(CakeRequest), Object(CakeResponse))
#1 {main}
2014-05-28 15:30:02 Error: [MissingControllerException] Controller class JsController could not be found.
Exception Attributes: array (
  'class' => 'JsController',
  'plugin' => NULL,
)
Request URL: /tuplanya/js/share.js
Stack Trace:
#0 /var/www/php/dev/nskolaris/tuplanya/app/webroot/index.php(100): Dispatcher->dispatch(Object(CakeRequest), Object(CakeResponse))
#1 {main}
2014-05-28 15:30:03 Error: [MissingControllerException] Controller class JsController could not be found.
Exception Attributes: array (
  'class' => 'JsController',
  'plugin' => NULL,
)
Request URL: /tuplanya/js/share.js
Stack Trace:
#0 /var/www/php/dev/nskolaris/tuplanya/app/webroot/index.php(100): Dispatcher->dispatch(Object(CakeRequest), Object(CakeResponse))
#1 {main}
2014-05-28 15:49:47 Error: [MissingControllerException] Controller class Plan-de-ahorroController could not be found.
Exception Attributes: array (
  'class' => 'Plan-de-ahorroController',
  'plugin' => NULL,
)
Request URL: /tuplanya/plan-de-ahorro/
Stack Trace:
#0 /var/www/php/dev/nskolaris/tuplanya/app/webroot/index.php(100): Dispatcher->dispatch(Object(CakeRequest), Object(CakeResponse))
#1 {main}
2014-06-05 09:43:51 Error: [MissingControllerException] Controller class CssController could not be found.
Exception Attributes: array (
  'class' => 'CssController',
  'plugin' => NULL,
)
Request URL: /tuplanya/css/.css
Stack Trace:
#0 /var/www/php/dev/nskolaris/tuplanya/app/webroot/index.php(100): Dispatcher->dispatch(Object(CakeRequest), Object(CakeResponse))
#1 {main}
2014-06-05 09:43:51 Error: [MissingControllerException] Controller class JsController could not be found.
Exception Attributes: array (
  'class' => 'JsController',
  'plugin' => NULL,
)
Request URL: /tuplanya/js/.js
Stack Trace:
#0 /var/www/php/dev/nskolaris/tuplanya/app/webroot/index.php(100): Dispatcher->dispatch(Object(CakeRequest), Object(CakeResponse))
#1 {main}
2014-06-05 09:43:51 Error: [MissingControllerException] Controller class CssController could not be found.
Exception Attributes: array (
  'class' => 'CssController',
  'plugin' => NULL,
)
Request URL: /tuplanya/css/.css
Stack Trace:
#0 /var/www/php/dev/nskolaris/tuplanya/app/webroot/index.php(100): Dispatcher->dispatch(Object(CakeRequest), Object(CakeResponse))
#1 {main}
2014-06-05 09:43:51 Error: [MissingControllerException] Controller class JsController could not be found.
Exception Attributes: array (
  'class' => 'JsController',
  'plugin' => NULL,
)
Request URL: /tuplanya/js/.js
Stack Trace:
#0 /var/www/php/dev/nskolaris/tuplanya/app/webroot/index.php(100): Dispatcher->dispatch(Object(CakeRequest), Object(CakeResponse))
#1 {main}
2014-06-05 09:43:52 Error: [MissingControllerException] Controller class ImagesController could not be found.
Exception Attributes: array (
  'class' => 'ImagesController',
  'plugin' => NULL,
)
Request URL: /tuplanya/images/loader.gif
Stack Trace:
#0 /var/www/php/dev/nskolaris/tuplanya/app/webroot/index.php(100): Dispatcher->dispatch(Object(CakeRequest), Object(CakeResponse))
#1 {main}
2014-06-05 09:43:52 Error: [MissingControllerException] Controller class ImagesController could not be found.
Exception Attributes: array (
  'class' => 'ImagesController',
  'plugin' => NULL,
)
Request URL: /tuplanya/images/pagination-active-bg.gif
Stack Trace:
#0 /var/www/php/dev/nskolaris/tuplanya/app/webroot/index.php(100): Dispatcher->dispatch(Object(CakeRequest), Object(CakeResponse))
#1 {main}
2015-03-05 12:51:06 Error: [MissingConnectionException] Database connection "Mysql" is missing, or could not be created.
Exception Attributes: array (
  'class' => 'Mysql',
  'message' => 'SQLSTATE[HY000] [2013] Lost connection to MySQL server at \'reading initial communication packet\', system error: 111',
  'enabled' => true,
)
Request URL: /tuplanya/
Stack Trace:
#0 /var/www/php/framework/cake/cakephp-2.4.3/lib/Cake/Model/Datasource/DboSource.php(260): Mysql->connect()
#1 /var/www/php/framework/cake/cakephp-2.4.3/lib/Cake/Model/ConnectionManager.php(105): DboSource->__construct(Array)
#2 /var/www/php/framework/cake/cakephp-2.4.3/lib/Cake/Model/Model.php(3471): ConnectionManager::getDataSource('default')
#3 /var/www/php/framework/cake/cakephp-2.4.3/lib/Cake/Model/Model.php(1126): Model->setDataSource('default')
#4 /var/www/php/framework/cake/cakephp-2.4.3/lib/Cake/Model/Model.php(3493): Model->setSource('provincias')
#5 /var/www/php/framework/cake/cakephp-2.4.3/lib/Cake/Model/Model.php(2897): Model->getDataSource()
#6 /var/www/php/framework/cake/cakephp-2.4.3/lib/Cake/Model/Model.php(2869): Model->_readDataSource('list', Array)
#7 /var/www/php/dev/nskolaris/tuplanya/app/Controller/AppController.php(153): Model->find('list')
#8 [internal function]: AppController->beforeFilter(Object(CakeEvent))
#9 /var/www/php/framework/cake/cakephp-2.4.3/lib/Cake/Event/CakeEventManager.php(247): call_user_func(Array, Object(CakeEvent))
#10 /var/www/php/framework/cake/cakephp-2.4.3/lib/Cake/Controller/Controller.php(674): CakeEventManager->dispatch(Object(CakeEvent))
#11 /var/www/php/framework/cake/cakephp-2.4.3/lib/Cake/Routing/Dispatcher.php(182): Controller->startupProcess()
#12 /var/www/php/framework/cake/cakephp-2.4.3/lib/Cake/Routing/Dispatcher.php(160): Dispatcher->_invoke(Object(PlanesController), Object(CakeRequest), Object(CakeResponse))
#13 /var/www/php/dev/nskolaris/tuplanya/app/webroot/index.php(100): Dispatcher->dispatch(Object(CakeRequest), Object(CakeResponse))
#14 {main}
2015-03-05 12:51:51 Error: [MissingConnectionException] Database connection "Mysql" is missing, or could not be created.
Exception Attributes: array (
  'class' => 'Mysql',
  'message' => 'SQLSTATE[HY000] [2013] Lost connection to MySQL server at \'reading initial communication packet\', system error: 111',
  'enabled' => true,
)
Request URL: /tuplanya/vende-tu-plan-ya
Stack Trace:
#0 /var/www/php/framework/cake/cakephp-2.4.3/lib/Cake/Model/Datasource/DboSource.php(260): Mysql->connect()
#1 /var/www/php/framework/cake/cakephp-2.4.3/lib/Cake/Model/ConnectionManager.php(105): DboSource->__construct(Array)
#2 /var/www/php/framework/cake/cakephp-2.4.3/lib/Cake/Model/Model.php(3471): ConnectionManager::getDataSource('default')
#3 /var/www/php/framework/cake/cakephp-2.4.3/lib/Cake/Model/Model.php(1126): Model->setDataSource('default')
#4 /var/www/php/framework/cake/cakephp-2.4.3/lib/Cake/Model/Model.php(3493): Model->setSource('provincias')
#5 /var/www/php/framework/cake/cakephp-2.4.3/lib/Cake/Model/Model.php(2897): Model->getDataSource()
#6 /var/www/php/framework/cake/cakephp-2.4.3/lib/Cake/Model/Model.php(2869): Model->_readDataSource('list', Array)
#7 /var/www/php/dev/nskolaris/tuplanya/app/Controller/AppController.php(153): Model->find('list')
#8 [internal function]: AppController->beforeFilter(Object(CakeEvent))
#9 /var/www/php/framework/cake/cakephp-2.4.3/lib/Cake/Event/CakeEventManager.php(247): call_user_func(Array, Object(CakeEvent))
#10 /var/www/php/framework/cake/cakephp-2.4.3/lib/Cake/Controller/Controller.php(674): CakeEventManager->dispatch(Object(CakeEvent))
#11 /var/www/php/framework/cake/cakephp-2.4.3/lib/Cake/Routing/Dispatcher.php(182): Controller->startupProcess()
#12 /var/www/php/framework/cake/cakephp-2.4.3/lib/Cake/Routing/Dispatcher.php(160): Dispatcher->_invoke(Object(PlanesController), Object(CakeRequest), Object(CakeResponse))
#13 /var/www/php/dev/nskolaris/tuplanya/app/webroot/index.php(100): Dispatcher->dispatch(Object(CakeRequest), Object(CakeResponse))
#14 {main}
2015-03-05 12:51:54 Error: [MissingConnectionException] Database connection "Mysql" is missing, or could not be created.
Exception Attributes: array (
  'class' => 'Mysql',
  'message' => 'SQLSTATE[HY000] [2013] Lost connection to MySQL server at \'reading initial communication packet\', system error: 111',
  'enabled' => true,
)
Request URL: /tuplanya/canjea-tu-plan-ya
Stack Trace:
#0 /var/www/php/framework/cake/cakephp-2.4.3/lib/Cake/Model/Datasource/DboSource.php(260): Mysql->connect()
#1 /var/www/php/framework/cake/cakephp-2.4.3/lib/Cake/Model/ConnectionManager.php(105): DboSource->__construct(Array)
#2 /var/www/php/framework/cake/cakephp-2.4.3/lib/Cake/Model/Model.php(3471): ConnectionManager::getDataSource('default')
#3 /var/www/php/framework/cake/cakephp-2.4.3/lib/Cake/Model/Model.php(1126): Model->setDataSource('default')
#4 /var/www/php/framework/cake/cakephp-2.4.3/lib/Cake/Model/Model.php(3493): Model->setSource('provincias')
#5 /var/www/php/framework/cake/cakephp-2.4.3/lib/Cake/Model/Model.php(2897): Model->getDataSource()
#6 /var/www/php/framework/cake/cakephp-2.4.3/lib/Cake/Model/Model.php(2869): Model->_readDataSource('list', Array)
#7 /var/www/php/dev/nskolaris/tuplanya/app/Controller/AppController.php(153): Model->find('list')
#8 [internal function]: AppController->beforeFilter(Object(CakeEvent))
#9 /var/www/php/framework/cake/cakephp-2.4.3/lib/Cake/Event/CakeEventManager.php(247): call_user_func(Array, Object(CakeEvent))
#10 /var/www/php/framework/cake/cakephp-2.4.3/lib/Cake/Controller/Controller.php(674): CakeEventManager->dispatch(Object(CakeEvent))
#11 /var/www/php/framework/cake/cakephp-2.4.3/lib/Cake/Routing/Dispatcher.php(182): Controller->startupProcess()
#12 /var/www/php/framework/cake/cakephp-2.4.3/lib/Cake/Routing/Dispatcher.php(160): Dispatcher->_invoke(Object(PlanesController), Object(CakeRequest), Object(CakeResponse))
#13 /var/www/php/dev/nskolaris/tuplanya/app/webroot/index.php(100): Dispatcher->dispatch(Object(CakeRequest), Object(CakeResponse))
#14 {main}
2015-03-05 12:52:10 Error: [MissingConnectionException] Database connection "Mysql" is missing, or could not be created.
Exception Attributes: array (
  'class' => 'Mysql',
  'message' => 'SQLSTATE[HY000] [2013] Lost connection to MySQL server at \'reading initial communication packet\', system error: 111',
  'enabled' => true,
)
Request URL: /tuplanya/preguntas-frecuentes
Stack Trace:
#0 /var/www/php/framework/cake/cakephp-2.4.3/lib/Cake/Model/Datasource/DboSource.php(260): Mysql->connect()
#1 /var/www/php/framework/cake/cakephp-2.4.3/lib/Cake/Model/ConnectionManager.php(105): DboSource->__construct(Array)
#2 /var/www/php/framework/cake/cakephp-2.4.3/lib/Cake/Model/Model.php(3471): ConnectionManager::getDataSource('default')
#3 /var/www/php/framework/cake/cakephp-2.4.3/lib/Cake/Model/Model.php(1126): Model->setDataSource('default')
#4 /var/www/php/framework/cake/cakephp-2.4.3/lib/Cake/Model/Model.php(3493): Model->setSource('provincias')
#5 /var/www/php/framework/cake/cakephp-2.4.3/lib/Cake/Model/Model.php(2897): Model->getDataSource()
#6 /var/www/php/framework/cake/cakephp-2.4.3/lib/Cake/Model/Model.php(2869): Model->_readDataSource('list', Array)
#7 /var/www/php/dev/nskolaris/tuplanya/app/Controller/AppController.php(153): Model->find('list')
#8 [internal function]: AppController->beforeFilter(Object(CakeEvent))
#9 /var/www/php/framework/cake/cakephp-2.4.3/lib/Cake/Event/CakeEventManager.php(247): call_user_func(Array, Object(CakeEvent))
#10 /var/www/php/framework/cake/cakephp-2.4.3/lib/Cake/Controller/Controller.php(674): CakeEventManager->dispatch(Object(CakeEvent))
#11 /var/www/php/framework/cake/cakephp-2.4.3/lib/Cake/Routing/Dispatcher.php(182): Controller->startupProcess()
#12 /var/www/php/framework/cake/cakephp-2.4.3/lib/Cake/Routing/Dispatcher.php(160): Dispatcher->_invoke(Object(PagesController), Object(CakeRequest), Object(CakeResponse))
#13 /var/www/php/dev/nskolaris/tuplanya/app/webroot/index.php(100): Dispatcher->dispatch(Object(CakeRequest), Object(CakeResponse))
#14 {main}
2015-03-05 12:52:14 Error: [MissingConnectionException] Database connection "Mysql" is missing, or could not be created.
Exception Attributes: array (
  'class' => 'Mysql',
  'message' => 'SQLSTATE[HY000] [2013] Lost connection to MySQL server at \'reading initial communication packet\', system error: 111',
  'enabled' => true,
)
Request URL: /tuplanya/canjea-tu-plan-ya
Stack Trace:
#0 /var/www/php/framework/cake/cakephp-2.4.3/lib/Cake/Model/Datasource/DboSource.php(260): Mysql->connect()
#1 /var/www/php/framework/cake/cakephp-2.4.3/lib/Cake/Model/ConnectionManager.php(105): DboSource->__construct(Array)
#2 /var/www/php/framework/cake/cakephp-2.4.3/lib/Cake/Model/Model.php(3471): ConnectionManager::getDataSource('default')
#3 /var/www/php/framework/cake/cakephp-2.4.3/lib/Cake/Model/Model.php(1126): Model->setDataSource('default')
#4 /var/www/php/framework/cake/cakephp-2.4.3/lib/Cake/Model/Model.php(3493): Model->setSource('provincias')
#5 /var/www/php/framework/cake/cakephp-2.4.3/lib/Cake/Model/Model.php(2897): Model->getDataSource()
#6 /var/www/php/framework/cake/cakephp-2.4.3/lib/Cake/Model/Model.php(2869): Model->_readDataSource('list', Array)
#7 /var/www/php/dev/nskolaris/tuplanya/app/Controller/AppController.php(153): Model->find('list')
#8 [internal function]: AppController->beforeFilter(Object(CakeEvent))
#9 /var/www/php/framework/cake/cakephp-2.4.3/lib/Cake/Event/CakeEventManager.php(247): call_user_func(Array, Object(CakeEvent))
#10 /var/www/php/framework/cake/cakephp-2.4.3/lib/Cake/Controller/Controller.php(674): CakeEventManager->dispatch(Object(CakeEvent))
#11 /var/www/php/framework/cake/cakephp-2.4.3/lib/Cake/Routing/Dispatcher.php(182): Controller->startupProcess()
#12 /var/www/php/framework/cake/cakephp-2.4.3/lib/Cake/Routing/Dispatcher.php(160): Dispatcher->_invoke(Object(PlanesController), Object(CakeRequest), Object(CakeResponse))
#13 /var/www/php/dev/nskolaris/tuplanya/app/webroot/index.php(100): Dispatcher->dispatch(Object(CakeRequest), Object(CakeResponse))
#14 {main}
2015-03-11 15:55:34 Error: [MissingControllerException] Controller class CssController could not be found.
Exception Attributes: array (
  'class' => 'CssController',
  'plugin' => NULL,
)
Request URL: /tuplanya/css/.css
Stack Trace:
#0 /var/www/php/dev/nskolaris/tuplanya/app/webroot/index.php(100): Dispatcher->dispatch(Object(CakeRequest), Object(CakeResponse))
#1 {main}
2015-03-11 15:55:34 Error: [MissingControllerException] Controller class JsController could not be found.
Exception Attributes: array (
  'class' => 'JsController',
  'plugin' => NULL,
)
Request URL: /tuplanya/js/.js
Stack Trace:
#0 /var/www/php/dev/nskolaris/tuplanya/app/webroot/index.php(100): Dispatcher->dispatch(Object(CakeRequest), Object(CakeResponse))
#1 {main}
2015-03-12 03:33:51 Error: [MissingControllerException] Controller class Www.tuplanya.comController could not be found.
Exception Attributes: array (
  'class' => 'Www.tuplanya.comController',
  'plugin' => NULL,
)
Request URL: /tuplanya/www.tuplanya.com
Stack Trace:
#0 /var/www/php/dev/nskolaris/tuplanya/app/webroot/index.php(100): Dispatcher->dispatch(Object(CakeRequest), Object(CakeResponse))
#1 {main}
2015-03-18 06:06:18 Error: [MissingControllerException] Controller class CssController could not be found.
Exception Attributes: array (
  'class' => 'CssController',
  'plugin' => NULL,
)
Request URL: /tuplanya/css/.css
Stack Trace:
#0 /var/www/php/dev/nskolaris/tuplanya/app/webroot/index.php(100): Dispatcher->dispatch(Object(CakeRequest), Object(CakeResponse))
#1 {main}
2015-03-18 06:06:19 Error: [MissingControllerException] Controller class JsController could not be found.
Exception Attributes: array (
  'class' => 'JsController',
  'plugin' => NULL,
)
Request URL: /tuplanya/js/.js
Stack Trace:
#0 /var/www/php/dev/nskolaris/tuplanya/app/webroot/index.php(100): Dispatcher->dispatch(Object(CakeRequest), Object(CakeResponse))
#1 {main}
2015-03-23 05:28:43 Error: [MissingControllerException] Controller class Www.tuplanya.comController could not be found.
Exception Attributes: array (
  'class' => 'Www.tuplanya.comController',
  'plugin' => NULL,
)
Request URL: /tuplanya/www.tuplanya.com
Stack Trace:
#0 /var/www/php/dev/nskolaris/tuplanya/app/webroot/index.php(100): Dispatcher->dispatch(Object(CakeRequest), Object(CakeResponse))
#1 {main}
2015-03-24 12:16:05 Error: [MissingControllerException] Controller class CssController could not be found.
Exception Attributes: array (
  'class' => 'CssController',
  'plugin' => NULL,
)
Request URL: /dev/nskolaris/tuplanya/css/.css
Stack Trace:
#0 /var/www/php/dev/nskolaris/tuplanya/app/webroot/index.php(100): Dispatcher->dispatch(Object(CakeRequest), Object(CakeResponse))
#1 {main}
2015-03-26 14:14:14 Error: [MissingControllerException] Controller class Www.tuplanya.comController could not be found.
Exception Attributes: array (
  'class' => 'Www.tuplanya.comController',
  'plugin' => NULL,
)
Request URL: /tuplanya/www.tuplanya.com
Stack Trace:
#0 /var/www/php/dev/nskolaris/tuplanya/app/webroot/index.php(100): Dispatcher->dispatch(Object(CakeRequest), Object(CakeResponse))
#1 {main}
2015-03-26 15:24:37 Error: [MissingControllerException] Controller class Www.tuplanya.comController could not be found.
Exception Attributes: array (
  'class' => 'Www.tuplanya.comController',
  'plugin' => NULL,
)
Request URL: /dev/nskolaris/tuplanya/www.tuplanya.com
Stack Trace:
#0 /var/www/php/dev/nskolaris/tuplanya/app/webroot/index.php(100): Dispatcher->dispatch(Object(CakeRequest), Object(CakeResponse))
#1 {main}
2015-03-27 01:44:09 Error: [MissingControllerException] Controller class CssController could not be found.
Exception Attributes: array (
  'class' => 'CssController',
  'plugin' => NULL,
)
Request URL: /dev/nskolaris/tuplanya/css/.css
Stack Trace:
#0 /var/www/php/dev/nskolaris/tuplanya/app/webroot/index.php(100): Dispatcher->dispatch(Object(CakeRequest), Object(CakeResponse))
#1 {main}
2015-03-28 23:38:45 Error: [MissingControllerException] Controller class Www.tuplanya.comController could not be found.
Exception Attributes: array (
  'class' => 'Www.tuplanya.comController',
  'plugin' => NULL,
)
Request URL: /tuplanya/www.tuplanya.com
Stack Trace:
#0 /var/www/php/dev/nskolaris/tuplanya/app/webroot/index.php(100): Dispatcher->dispatch(Object(CakeRequest), Object(CakeResponse))
#1 {main}
2015-03-31 19:07:21 Error: [MissingControllerException] Controller class Planes-de-ahorroController could not be found.
Exception Attributes: array (
  'class' => 'Planes-de-ahorroController',
  'plugin' => NULL,
)
Request URL: /tuplanya/planes-de-ahorro/adjudicados/index.php?option=com_jce&task=plugin&plugin=imgmanager&file=imgmanager&version=1576&cid=20
Stack Trace:
#0 /var/www/php/dev/nskolaris/tuplanya/app/webroot/index.php(100): Dispatcher->dispatch(Object(CakeRequest), Object(CakeResponse))
#1 {main}
2015-03-31 19:07:21 Error: [MissingControllerException] Controller class Planes-de-ahorroController could not be found.
Exception Attributes: array (
  'class' => 'Planes-de-ahorroController',
  'plugin' => NULL,
)
Request URL: /tuplanya/planes-de-ahorro/adjudicados/index.php?option=com_jce&task=plugin&plugin=imgmanager&file=imgmanager&method=form&cid=20&6bc427c8a7981f4fe1f5ac65c1246b5f=cf6dd3cf1923c950586d0dd595c8e20b
Stack Trace:
#0 /var/www/php/dev/nskolaris/tuplanya/app/webroot/index.php(100): Dispatcher->dispatch(Object(CakeRequest), Object(CakeResponse))
#1 {main}
2015-03-31 19:07:21 Error: [MissingControllerException] Controller class Planes-de-ahorroController could not be found.
Exception Attributes: array (
  'class' => 'Planes-de-ahorroController',
  'plugin' => NULL,
)
Request URL: /tuplanya/planes-de-ahorro/adjudicados/index.php?option=com_jce&task=plugin&plugin=imgmanager&file=imgmanager&version=1576&cid=20
Stack Trace:
#0 /var/www/php/dev/nskolaris/tuplanya/app/webroot/index.php(100): Dispatcher->dispatch(Object(CakeRequest), Object(CakeResponse))
#1 {main}
2015-03-31 19:07:21 Error: [MissingControllerException] Controller class Planes-de-ahorroController could not be found.
Exception Attributes: array (
  'class' => 'Planes-de-ahorroController',
  'plugin' => NULL,
)
Request URL: /tuplanya/planes-de-ahorro/adjudicados/index.php?option=com_jce&task=plugin&plugin=imgmanager&file=imgmanager&method=form&cid=20&6bc427c8a7981f4fe1f5ac65c1246b5f=cf6dd3cf1923c950586d0dd595c8e20b
Stack Trace:
#0 /var/www/php/dev/nskolaris/tuplanya/app/webroot/index.php(100): Dispatcher->dispatch(Object(CakeRequest), Object(CakeResponse))
#1 {main}
2015-03-31 19:07:22 Error: [MissingControllerException] Controller class Planes-de-ahorroController could not be found.
Exception Attributes: array (
  'class' => 'Planes-de-ahorroController',
  'plugin' => NULL,
)
Request URL: /tuplanya/planes-de-ahorro/adjudicados/images/stories/food.php?rf=
Stack Trace:
#0 /var/www/php/dev/nskolaris/tuplanya/app/webroot/index.php(100): Dispatcher->dispatch(Object(CakeRequest), Object(CakeResponse))
#1 {main}
2015-04-03 00:59:39 Error: [MissingControllerException] Controller class Grandes-clientesController could not be found.
Exception Attributes: array (
  'class' => 'Grandes-clientesController',
  'plugin' => NULL,
)
Request URL: /tuplanya/grandes-clientes/tuplanya/app/conversion/grandes_clientes
Stack Trace:
#0 /var/www/php/dev/nskolaris/tuplanya/app/webroot/index.php(100): Dispatcher->dispatch(Object(CakeRequest), Object(CakeResponse))
#1 {main}
2015-04-08 15:08:00 Error: [MissingControllerException] Controller class Www.tuplanya.comController could not be found.
Exception Attributes: array (
  'class' => 'Www.tuplanya.comController',
  'plugin' => NULL,
)
Request URL: /dev/nskolaris/tuplanya/www.tuplanya.com
Stack Trace:
#0 /var/www/php/dev/nskolaris/tuplanya/app/webroot/index.php(100): Dispatcher->dispatch(Object(CakeRequest), Object(CakeResponse))
#1 {main}
2015-04-20 11:35:55 Error: [MissingControllerException] Controller class Wp-adminController could not be found.
Exception Attributes: array (
  'class' => 'Wp-adminController',
  'plugin' => NULL,
)
Request URL: /tuplanya//wp-admin/admin-ajax.php
Stack Trace:
#0 /var/www/php/dev/nskolaris/tuplanya/app/webroot/index.php(100): Dispatcher->dispatch(Object(CakeRequest), Object(CakeResponse))
#1 {main}
2015-04-27 10:26:30 Error: [MissingControllerException] Controller class JsController could not be found.
Exception Attributes: array (
  'class' => 'JsController',
  'plugin' => NULL,
)
Request URL: /tuplanya/js/.js
Stack Trace:
#0 /var/www/php/dev/nskolaris/tuplanya/app/webroot/index.php(100): Dispatcher->dispatch(Object(CakeRequest), Object(CakeResponse))
#1 {main}
2015-04-30 06:23:19 Error: [MissingControllerException] Controller class CssController could not be found.
Exception Attributes: array (
  'class' => 'CssController',
  'plugin' => NULL,
)
Request URL: /tuplanya/css/.css
Stack Trace:
#0 /var/www/php/dev/nskolaris/tuplanya/app/webroot/index.php(100): Dispatcher->dispatch(Object(CakeRequest), Object(CakeResponse))
#1 {main}
2015-04-30 06:23:21 Error: [MissingControllerException] Controller class JsController could not be found.
Exception Attributes: array (
  'class' => 'JsController',
  'plugin' => NULL,
)
Request URL: /tuplanya/js/.js
Stack Trace:
#0 /var/www/php/dev/nskolaris/tuplanya/app/webroot/index.php(100): Dispatcher->dispatch(Object(CakeRequest), Object(CakeResponse))
#1 {main}
2015-05-01 15:45:55 Error: [MissingControllerException] Controller class Plan-de-ahorroController could not be found.
Exception Attributes: array (
  'class' => 'Plan-de-ahorroController',
  'plugin' => NULL,
)
Request URL: /dev/nskolaris/tuplanya/plan-de-ahorro/1-renault-clio-5p&amp;sa=U&amp;ei=Mb9DVb3bJsXjaILLgdAE&amp;ved=0CJYCEBYwOTisAg&amp;usg=AFQjCNHorUsqd-ld4b76vfKQnqIgpoMEeg/wp-admin/admin-ajax.php?action=revslider_show_image&img=..%2Fwp-config.php
Stack Trace:
#0 /var/www/php/dev/nskolaris/tuplanya/app/webroot/index.php(100): Dispatcher->dispatch(Object(CakeRequest), Object(CakeResponse))
#1 {main}
2015-05-01 15:45:56 Error: [MissingControllerException] Controller class Plan-de-ahorroController could not be found.
Exception Attributes: array (
  'class' => 'Plan-de-ahorroController',
  'plugin' => NULL,
)
Request URL: /dev/nskolaris/tuplanya/plan-de-ahorro/1-renault-clio-5p&amp;sa=U&amp;ei=Mb9DVb3bJsXjaILLgdAE&amp;ved=0CJYCEBYwOTisAg&amp;usg=AFQjCNHorUsqd-ld4b76vfKQnqIgpoMEeg/wp-admin/admin-ajax.php?action=revslider_show_image&img=..%2Fwp-config.php
Stack Trace:
#0 /var/www/php/dev/nskolaris/tuplanya/app/webroot/index.php(100): Dispatcher->dispatch(Object(CakeRequest), Object(CakeResponse))
#1 {main}
2015-05-01 15:45:57 Error: [MissingControllerException] Controller class Plan-de-ahorroController could not be found.
Exception Attributes: array (
  'class' => 'Plan-de-ahorroController',
  'plugin' => NULL,
)
Request URL: /dev/nskolaris/tuplanya/plan-de-ahorro/1-renault-clio-5p&amp;sa=U&amp;ei=Mb9DVb3bJsXjaILLgdAE&amp;ved=0CJYCEBYwOTisAg&amp;usg=AFQjCNHorUsqd-ld4b76vfKQnqIgpoMEeg/wp-admin/admin-ajax.php
Stack Trace:
#0 /var/www/php/dev/nskolaris/tuplanya/app/webroot/index.php(100): Dispatcher->dispatch(Object(CakeRequest), Object(CakeResponse))
#1 {main}
2015-05-01 15:45:59 Error: [MissingControllerException] Controller class Plan-de-ahorroController could not be found.
Exception Attributes: array (
  'class' => 'Plan-de-ahorroController',
  'plugin' => NULL,
)
Request URL: /dev/nskolaris/tuplanya/plan-de-ahorro/1-renault-clio-5p&amp;sa=U&amp;ei=Mb9DVb3bJsXjaILLgdAE&amp;ved=0CJYCEBYwOTisAg&amp;usg=AFQjCNHorUsqd-ld4b76vfKQnqIgpoMEeg/wp-admin/admin-ajax.php
Stack Trace:
#0 /var/www/php/dev/nskolaris/tuplanya/app/webroot/index.php(100): Dispatcher->dispatch(Object(CakeRequest), Object(CakeResponse))
#1 {main}
2015-05-01 15:45:59 Error: [MissingControllerException] Controller class Plan-de-ahorroController could not be found.
Exception Attributes: array (
  'class' => 'Plan-de-ahorroController',
  'plugin' => NULL,
)
Request URL: /dev/nskolaris/tuplanya/plan-de-ahorro/wp-admin/admin-ajax.php?action=revslider_show_image&img=..%2Fwp-config.php
Stack Trace:
#0 /var/www/php/dev/nskolaris/tuplanya/app/webroot/index.php(100): Dispatcher->dispatch(Object(CakeRequest), Object(CakeResponse))
#1 {main}
2015-05-01 15:46:00 Error: [MissingControllerException] Controller class Plan-de-ahorroController could not be found.
Exception Attributes: array (
  'class' => 'Plan-de-ahorroController',
  'plugin' => NULL,
)
Request URL: /dev/nskolaris/tuplanya/plan-de-ahorro/wp-admin/admin-ajax.php?action=revslider_show_image&img=..%2Fwp-config.php
Stack Trace:
#0 /var/www/php/dev/nskolaris/tuplanya/app/webroot/index.php(100): Dispatcher->dispatch(Object(CakeRequest), Object(CakeResponse))
#1 {main}
2015-05-01 15:46:01 Error: [MissingControllerException] Controller class Plan-de-ahorroController could not be found.
Exception Attributes: array (
  'class' => 'Plan-de-ahorroController',
  'plugin' => NULL,
)
Request URL: /dev/nskolaris/tuplanya/plan-de-ahorro/wp-admin/admin-ajax.php
Stack Trace:
#0 /var/www/php/dev/nskolaris/tuplanya/app/webroot/index.php(100): Dispatcher->dispatch(Object(CakeRequest), Object(CakeResponse))
#1 {main}
2015-05-01 15:46:02 Error: [MissingControllerException] Controller class Plan-de-ahorroController could not be found.
Exception Attributes: array (
  'class' => 'Plan-de-ahorroController',
  'plugin' => NULL,
)
Request URL: /dev/nskolaris/tuplanya/plan-de-ahorro/wp-admin/admin-ajax.php
Stack Trace:
#0 /var/www/php/dev/nskolaris/tuplanya/app/webroot/index.php(100): Dispatcher->dispatch(Object(CakeRequest), Object(CakeResponse))
#1 {main}
2015-05-03 19:26:22 Error: [MissingControllerException] Controller class Plan-de-ahorroController could not be found.
Exception Attributes: array (
  'class' => 'Plan-de-ahorroController',
  'plugin' => NULL,
)
Request URL: /dev/nskolaris/tuplanya/plan-de-ahorro/index.php?option=com_jce&task=plugin&plugin=imgmanager&file=imgmanager&version=1576&cid=20
Stack Trace:
#0 /var/www/php/dev/nskolaris/tuplanya/app/webroot/index.php(100): Dispatcher->dispatch(Object(CakeRequest), Object(CakeResponse))
#1 {main}
2015-05-03 19:26:23 Error: [MissingControllerException] Controller class Plan-de-ahorroController could not be found.
Exception Attributes: array (
  'class' => 'Plan-de-ahorroController',
  'plugin' => NULL,
)
Request URL: /dev/nskolaris/tuplanya/plan-de-ahorro/index.php?option=com_jce&task=plugin&plugin=imgmanager&file=imgmanager&method=form&cid=20&6bc427c8a7981f4fe1f5ac65c1246b5f=cf6dd3cf1923c950586d0dd595c8e20b
Stack Trace:
#0 /var/www/php/dev/nskolaris/tuplanya/app/webroot/index.php(100): Dispatcher->dispatch(Object(CakeRequest), Object(CakeResponse))
#1 {main}
2015-05-03 19:26:23 Error: [MissingControllerException] Controller class Plan-de-ahorroController could not be found.
Exception Attributes: array (
  'class' => 'Plan-de-ahorroController',
  'plugin' => NULL,
)
Request URL: /dev/nskolaris/tuplanya/plan-de-ahorro/index.php?option=com_jce&task=plugin&plugin=imgmanager&file=imgmanager&version=1576&cid=20
Stack Trace:
#0 /var/www/php/dev/nskolaris/tuplanya/app/webroot/index.php(100): Dispatcher->dispatch(Object(CakeRequest), Object(CakeResponse))
#1 {main}
2015-05-03 19:26:23 Error: [MissingControllerException] Controller class Plan-de-ahorroController could not be found.
Exception Attributes: array (
  'class' => 'Plan-de-ahorroController',
  'plugin' => NULL,
)
Request URL: /dev/nskolaris/tuplanya/plan-de-ahorro/index.php?option=com_jce&task=plugin&plugin=imgmanager&file=imgmanager&method=form&cid=20&6bc427c8a7981f4fe1f5ac65c1246b5f=cf6dd3cf1923c950586d0dd595c8e20b
Stack Trace:
#0 /var/www/php/dev/nskolaris/tuplanya/app/webroot/index.php(100): Dispatcher->dispatch(Object(CakeRequest), Object(CakeResponse))
#1 {main}
2015-05-03 19:26:24 Error: [MissingControllerException] Controller class Plan-de-ahorroController could not be found.
Exception Attributes: array (
  'class' => 'Plan-de-ahorroController',
  'plugin' => NULL,
)
Request URL: /dev/nskolaris/tuplanya/plan-de-ahorro/images/stories/food.php?rf=
Stack Trace:
#0 /var/www/php/dev/nskolaris/tuplanya/app/webroot/index.php(100): Dispatcher->dispatch(Object(CakeRequest), Object(CakeResponse))
#1 {main}
2015-05-08 19:15:36 Error: [MissingControllerException] Controller class CssController could not be found.
Exception Attributes: array (
  'class' => 'CssController',
  'plugin' => NULL,
)
Request URL: /dev/nskolaris/tuplanya/css/.css
Stack Trace:
#0 /var/www/php/dev/nskolaris/tuplanya/app/webroot/index.php(100): Dispatcher->dispatch(Object(CakeRequest), Object(CakeResponse))
#1 {main}
2015-05-08 19:15:37 Error: [MissingControllerException] Controller class JsController could not be found.
Exception Attributes: array (
  'class' => 'JsController',
  'plugin' => NULL,
)
Request URL: /dev/nskolaris/tuplanya/js/.js
Stack Trace:
#0 /var/www/php/dev/nskolaris/tuplanya/app/webroot/index.php(100): Dispatcher->dispatch(Object(CakeRequest), Object(CakeResponse))
#1 {main}
2015-05-10 15:02:03 Error: [MissingControllerException] Controller class Wp-adminController could not be found.
Exception Attributes: array (
  'class' => 'Wp-adminController',
  'plugin' => NULL,
)
Request URL: /tuplanya//wp-admin/admin-ajax.php?action=revslider_show_image&img=..%2Fwp-config.php
Stack Trace:
#0 /var/www/php/dev/nskolaris/tuplanya/app/webroot/index.php(100): Dispatcher->dispatch(Object(CakeRequest), Object(CakeResponse))
#1 {main}
2015-05-10 15:02:05 Error: [MissingControllerException] Controller class Wp-adminController could not be found.
Exception Attributes: array (
  'class' => 'Wp-adminController',
  'plugin' => NULL,
)
Request URL: /tuplanya//wp-admin/admin-ajax.php?action=revolution-slider_show_image&img=..%2Fwp-config.php
Stack Trace:
#0 /var/www/php/dev/nskolaris/tuplanya/app/webroot/index.php(100): Dispatcher->dispatch(Object(CakeRequest), Object(CakeResponse))
#1 {main}
2015-05-10 21:52:46 Error: [MissingControllerException] Controller class CssController could not be found.
Exception Attributes: array (
  'class' => 'CssController',
  'plugin' => NULL,
)
Request URL: /tuplanya/css/.css
Stack Trace:
#0 /var/www/php/dev/nskolaris/tuplanya/app/webroot/index.php(100): Dispatcher->dispatch(Object(CakeRequest), Object(CakeResponse))
#1 {main}
2015-05-10 21:52:50 Error: [MissingControllerException] Controller class JsController could not be found.
Exception Attributes: array (
  'class' => 'JsController',
  'plugin' => NULL,
)
Request URL: /tuplanya/js/.js
Stack Trace:
#0 /var/www/php/dev/nskolaris/tuplanya/app/webroot/index.php(100): Dispatcher->dispatch(Object(CakeRequest), Object(CakeResponse))
#1 {main}
2015-05-15 15:52:43 Error: [MissingControllerException] Controller class Www.tuplanya.comController could not be found.
Exception Attributes: array (
  'class' => 'Www.tuplanya.comController',
  'plugin' => NULL,
)
Request URL: /dev/nskolaris/tuplanya/www.tuplanya.com
Stack Trace:
#0 /var/www/php/dev/nskolaris/tuplanya/app/webroot/index.php(100): Dispatcher->dispatch(Object(CakeRequest), Object(CakeResponse))
#1 {main}
2015-05-24 21:17:43 Error: [MissingControllerException] Controller class Controller could not be found.
Exception Attributes: array (
  'class' => 'Controller',
  'plugin' => NULL,
)
Request URL: /tuplanya/plan-de-ahorro//images/stories/post.gif
Stack Trace:
#0 /var/www/php/dev/nskolaris/tuplanya/app/webroot/index.php(100): Dispatcher->dispatch(Object(CakeRequest), Object(CakeResponse))
#1 {main}
2015-05-26 19:36:26 Error: [MissingControllerException] Controller class CssController could not be found.
Exception Attributes: array (
  'class' => 'CssController',
  'plugin' => NULL,
)
Request URL: /tuplanya/css/.css
Stack Trace:
#0 /var/www/php/dev/nskolaris/tuplanya/app/webroot/index.php(100): Dispatcher->dispatch(Object(CakeRequest), Object(CakeResponse))
#1 {main}
2015-05-27 08:54:03 Error: [MissingControllerException] Controller class JsController could not be found.
Exception Attributes: array (
  'class' => 'JsController',
  'plugin' => NULL,
)
Request URL: /tuplanya/js/.js
Stack Trace:
#0 /var/www/php/dev/nskolaris/tuplanya/app/webroot/index.php(100): Dispatcher->dispatch(Object(CakeRequest), Object(CakeResponse))
#1 {main}
2015-05-29 06:47:02 Error: [MissingControllerException] Controller class CssController could not be found.
Exception Attributes: array (
  'class' => 'CssController',
  'plugin' => NULL,
)
Request URL: /tuplanya/css/.css
Stack Trace:
#0 /var/www/php/dev/nskolaris/tuplanya/app/webroot/index.php(100): Dispatcher->dispatch(Object(CakeRequest), Object(CakeResponse))
#1 {main}
2015-06-01 15:29:09 Error: [MissingControllerException] Controller class Www.tuplanya.comController could not be found.
Exception Attributes: array (
  'class' => 'Www.tuplanya.comController',
  'plugin' => NULL,
)
Request URL: /tuplanya/www.tuplanya.com
Stack Trace:
#0 /var/www/php/dev/nskolaris/tuplanya/app/webroot/index.php(100): Dispatcher->dispatch(Object(CakeRequest), Object(CakeResponse))
#1 {main}
2015-06-12 03:42:59 Error: [MissingControllerException] Controller class Www.tuplanya.comController could not be found.
Exception Attributes: array (
  'class' => 'Www.tuplanya.comController',
  'plugin' => NULL,
)
Request URL: /tuplanya/www.tuplanya.com
Stack Trace:
#0 /var/www/php/dev/nskolaris/tuplanya/app/webroot/index.php(100): Dispatcher->dispatch(Object(CakeRequest), Object(CakeResponse))
#1 {main}
2015-06-19 19:53:31 Error: [MissingActionException] Action ModelosController::images() could not be found.
Exception Attributes: array (
  'controller' => 'ModelosController',
  'action' => 'images',
)
Request URL: /tuplanya/modelos/images/stories/petx.php?baca=
Stack Trace:
#0 /var/www/php/framework/cake/cakephp-2.4.3/lib/Cake/Routing/Dispatcher.php(185): Controller->invokeAction(Object(CakeRequest))
#1 /var/www/php/framework/cake/cakephp-2.4.3/lib/Cake/Routing/Dispatcher.php(160): Dispatcher->_invoke(Object(ModelosController), Object(CakeRequest), Object(CakeResponse))
#2 /var/www/php/dev/nskolaris/tuplanya/app/webroot/index.php(100): Dispatcher->dispatch(Object(CakeRequest), Object(CakeResponse))
#3 {main}
2015-06-19 19:53:34 Error: [MissingActionException] Action ModelosController::images() could not be found.
Exception Attributes: array (
  'controller' => 'ModelosController',
  'action' => 'images',
)
Request URL: /tuplanya/modelos/images/stories/explore.php?baca=
Stack Trace:
#0 /var/www/php/framework/cake/cakephp-2.4.3/lib/Cake/Routing/Dispatcher.php(185): Controller->invokeAction(Object(CakeRequest))
#1 /var/www/php/framework/cake/cakephp-2.4.3/lib/Cake/Routing/Dispatcher.php(160): Dispatcher->_invoke(Object(ModelosController), Object(CakeRequest), Object(CakeResponse))
#2 /var/www/php/dev/nskolaris/tuplanya/app/webroot/index.php(100): Dispatcher->dispatch(Object(CakeRequest), Object(CakeResponse))
#3 {main}
2015-06-19 19:53:57 Error: [MissingActionException] Action ModelosController::images() could not be found.
Exception Attributes: array (
  'controller' => 'ModelosController',
  'action' => 'images',
)
Request URL: /tuplanya/modelos/images/stories/magic.php.png
Stack Trace:
#0 /var/www/php/framework/cake/cakephp-2.4.3/lib/Cake/Routing/Dispatcher.php(185): Controller->invokeAction(Object(CakeRequest))
#1 /var/www/php/framework/cake/cakephp-2.4.3/lib/Cake/Routing/Dispatcher.php(160): Dispatcher->_invoke(Object(ModelosController), Object(CakeRequest), Object(CakeResponse))
#2 /var/www/php/dev/nskolaris/tuplanya/app/webroot/index.php(100): Dispatcher->dispatch(Object(CakeRequest), Object(CakeResponse))
#3 {main}
2015-06-19 19:53:58 Error: [MissingActionException] Action ModelosController::images() could not be found.
Exception Attributes: array (
  'controller' => 'ModelosController',
  'action' => 'images',
)
Request URL: /tuplanya/modelos/images/stories/magic.php.png?baca=
Stack Trace:
#0 /var/www/php/framework/cake/cakephp-2.4.3/lib/Cake/Routing/Dispatcher.php(185): Controller->invokeAction(Object(CakeRequest))
#1 /var/www/php/framework/cake/cakephp-2.4.3/lib/Cake/Routing/Dispatcher.php(160): Dispatcher->_invoke(Object(ModelosController), Object(CakeRequest), Object(CakeResponse))
#2 /var/www/php/dev/nskolaris/tuplanya/app/webroot/index.php(100): Dispatcher->dispatch(Object(CakeRequest), Object(CakeResponse))
#3 {main}
2015-06-22 20:09:49 Error: [MissingControllerException] Controller class CssController could not be found.
Exception Attributes: array (
  'class' => 'CssController',
  'plugin' => NULL,
)
Request URL: /tuplanya/css/.css
Stack Trace:
#0 /var/www/php/dev/nskolaris/tuplanya/app/webroot/index.php(100): Dispatcher->dispatch(Object(CakeRequest), Object(CakeResponse))
#1 {main}
2015-06-22 20:09:49 Error: [MissingControllerException] Controller class JsController could not be found.
Exception Attributes: array (
  'class' => 'JsController',
  'plugin' => NULL,
)
Request URL: /tuplanya/js/.js
Stack Trace:
#0 /var/www/php/dev/nskolaris/tuplanya/app/webroot/index.php(100): Dispatcher->dispatch(Object(CakeRequest), Object(CakeResponse))
#1 {main}
2015-06-22 20:09:50 Error: [MissingControllerException] Controller class ImagesController could not be found.
Exception Attributes: array (
  'class' => 'ImagesController',
  'plugin' => NULL,
)
Request URL: /tuplanya/images/loader.gif
Stack Trace:
#0 /var/www/php/dev/nskolaris/tuplanya/app/webroot/index.php(100): Dispatcher->dispatch(Object(CakeRequest), Object(CakeResponse))
#1 {main}
2015-06-22 20:09:52 Error: [MissingControllerException] Controller class ImagesController could not be found.
Exception Attributes: array (
  'class' => 'ImagesController',
  'plugin' => NULL,
)
Request URL: /tuplanya/images/pagination-bg1.gif
Stack Trace:
#0 /var/www/php/dev/nskolaris/tuplanya/app/webroot/index.php(100): Dispatcher->dispatch(Object(CakeRequest), Object(CakeResponse))
#1 {main}
2015-06-22 20:09:52 Error: [MissingControllerException] Controller class ImagesController could not be found.
Exception Attributes: array (
  'class' => 'ImagesController',
  'plugin' => NULL,
)
Request URL: /tuplanya/images/pagination-active-bg.gif
Stack Trace:
#0 /var/www/php/dev/nskolaris/tuplanya/app/webroot/index.php(100): Dispatcher->dispatch(Object(CakeRequest), Object(CakeResponse))
#1 {main}
2015-07-04 02:29:11 Error: [MissingControllerException] Controller class JsController could not be found.
Exception Attributes: array (
  'class' => 'JsController',
  'plugin' => NULL,
)
Request URL: /tuplanya/js/.js
Stack Trace:
#0 /var/www/php/dev/nskolaris/tuplanya/app/webroot/index.php(100): Dispatcher->dispatch(Object(CakeRequest), Object(CakeResponse))
#1 {main}
2015-07-05 03:15:58 Error: [MissingControllerException] Controller class Www.tuplanya.comController could not be found.
Exception Attributes: array (
  'class' => 'Www.tuplanya.comController',
  'plugin' => NULL,
)
Request URL: /dev/nskolaris/tuplanya/www.tuplanya.com
Stack Trace:
#0 /var/www/php/dev/nskolaris/tuplanya/app/webroot/index.php(100): Dispatcher->dispatch(Object(CakeRequest), Object(CakeResponse))
#1 {main}
2015-07-06 03:06:52 Error: [MissingControllerException] Controller class CssController could not be found.
Exception Attributes: array (
  'class' => 'CssController',
  'plugin' => NULL,
)
Request URL: /tuplanya/css/.css
Stack Trace:
#0 /var/www/php/dev/nskolaris/tuplanya/app/webroot/index.php(100): Dispatcher->dispatch(Object(CakeRequest), Object(CakeResponse))
#1 {main}
2015-08-23 09:43:20 Error: [MissingControllerException] Controller class Www.tuplanya.comController could not be found.
Exception Attributes: array (
  'class' => 'Www.tuplanya.comController',
  'plugin' => NULL,
)
Request URL: /tuplanya/www.tuplanya.com
Stack Trace:
#0 /var/www/php/dev/nskolaris/tuplanya/app/webroot/index.php(100): Dispatcher->dispatch(Object(CakeRequest), Object(CakeResponse))
#1 {main}
2015-09-20 23:45:36 Error: [MissingControllerException] Controller class JsController could not be found.
Exception Attributes: array (
  'class' => 'JsController',
  'plugin' => NULL,
)
Request URL: /tuplanya/js/.js
Stack Trace:
#0 /var/www/php/dev/nskolaris/tuplanya/app/webroot/index.php(100): Dispatcher->dispatch(Object(CakeRequest), Object(CakeResponse))
#1 {main}
2015-09-20 23:45:38 Error: [MissingControllerException] Controller class CssController could not be found.
Exception Attributes: array (
  'class' => 'CssController',
  'plugin' => NULL,
)
Request URL: /tuplanya/css/.css
Stack Trace:
#0 /var/www/php/dev/nskolaris/tuplanya/app/webroot/index.php(100): Dispatcher->dispatch(Object(CakeRequest), Object(CakeResponse))
#1 {main}
2015-09-23 20:23:11 Error: [MissingControllerException] Controller class CssController could not be found.
Exception Attributes: array (
  'class' => 'CssController',
  'plugin' => NULL,
)
Request URL: /tuplanya/css/.css
Stack Trace:
#0 /var/www/php/dev/nskolaris/tuplanya/app/webroot/index.php(100): Dispatcher->dispatch(Object(CakeRequest), Object(CakeResponse))
#1 {main}
2015-09-23 20:23:12 Error: [MissingControllerException] Controller class JsController could not be found.
Exception Attributes: array (
  'class' => 'JsController',
  'plugin' => NULL,
)
Request URL: /tuplanya/js/.js
Stack Trace:
#0 /var/www/php/dev/nskolaris/tuplanya/app/webroot/index.php(100): Dispatcher->dispatch(Object(CakeRequest), Object(CakeResponse))
#1 {main}
2015-09-24 01:07:06 Error: [MissingControllerException] Controller class JsController could not be found.
Exception Attributes: array (
  'class' => 'JsController',
  'plugin' => NULL,
)
Request URL: /tuplanya/js/%7Bpath%7D
Stack Trace:
#0 /var/www/php/dev/nskolaris/tuplanya/app/webroot/index.php(100): Dispatcher->dispatch(Object(CakeRequest), Object(CakeResponse))
#1 {main}
2015-10-10 16:54:29 Error: [MissingControllerException] Controller class Www.tuplanya.comController could not be found.
Exception Attributes: array (
  'class' => 'Www.tuplanya.comController',
  'plugin' => NULL,
)
Request URL: /tuplanya/www.tuplanya.com
Stack Trace:
#0 /var/www/php/dev/nskolaris/tuplanya/app/webroot/index.php(100): Dispatcher->dispatch(Object(CakeRequest), Object(CakeResponse))
#1 {main}
2015-10-14 02:01:22 Error: [MissingControllerException] Controller class JsController could not be found.
Exception Attributes: array (
  'class' => 'JsController',
  'plugin' => NULL,
)
Request URL: /tuplanya/js/.js
Stack Trace:
#0 /var/www/php/dev/nskolaris/tuplanya/app/webroot/index.php(100): Dispatcher->dispatch(Object(CakeRequest), Object(CakeResponse))
#1 {main}
2015-10-14 02:01:23 Error: [MissingControllerException] Controller class CssController could not be found.
Exception Attributes: array (
  'class' => 'CssController',
  'plugin' => NULL,
)
Request URL: /tuplanya/css/.css
Stack Trace:
#0 /var/www/php/dev/nskolaris/tuplanya/app/webroot/index.php(100): Dispatcher->dispatch(Object(CakeRequest), Object(CakeResponse))
#1 {main}
2015-10-15 14:51:27 Error: [MissingControllerException] Controller class JsController could not be found.
Exception Attributes: array (
  'class' => 'JsController',
  'plugin' => NULL,
)
Request URL: /tuplanya/js/.js
Stack Trace:
#0 /var/www/php/dev/nskolaris/tuplanya/app/webroot/index.php(100): Dispatcher->dispatch(Object(CakeRequest), Object(CakeResponse))
#1 {main}
2015-10-15 14:51:27 Error: [MissingControllerException] Controller class CssController could not be found.
Exception Attributes: array (
  'class' => 'CssController',
  'plugin' => NULL,
)
Request URL: /tuplanya/css/.css
Stack Trace:
#0 /var/www/php/dev/nskolaris/tuplanya/app/webroot/index.php(100): Dispatcher->dispatch(Object(CakeRequest), Object(CakeResponse))
#1 {main}
2015-12-12 23:42:58 Error: [MissingControllerException] Controller class Www.tuplanya.comController could not be found.
Exception Attributes: array (
  'class' => 'Www.tuplanya.comController',
  'plugin' => NULL,
)
Request URL: /tuplanya/www.tuplanya.com
Stack Trace:
#0 /var/www/php/dev/nskolaris/tuplanya/app/webroot/index.php(100): Dispatcher->dispatch(Object(CakeRequest), Object(CakeResponse))
#1 {main}
2016-01-07 03:33:41 Error: [MissingControllerException] Controller class Www.tuplanya.comController could not be found.
Exception Attributes: array (
  'class' => 'Www.tuplanya.comController',
  'plugin' => NULL,
)
Request URL: /dev/nskolaris/tuplanya/www.tuplanya.com
Stack Trace:
#0 /var/www/php/dev/nskolaris/tuplanya/app/webroot/index.php(100): Dispatcher->dispatch(Object(CakeRequest), Object(CakeResponse))
#1 {main}
2016-01-16 18:28:26 Error: [MissingControllerException] Controller class CssController could not be found.
Exception Attributes: array (
  'class' => 'CssController',
  'plugin' => NULL,
)
Request URL: /tuplanya/css/.css
Stack Trace:
#0 /var/www/php/dev/nskolaris/tuplanya/app/webroot/index.php(100): Dispatcher->dispatch(Object(CakeRequest), Object(CakeResponse))
#1 {main}
2016-01-16 18:28:27 Error: [MissingControllerException] Controller class JsController could not be found.
Exception Attributes: array (
  'class' => 'JsController',
  'plugin' => NULL,
)
Request URL: /tuplanya/js/.js
Stack Trace:
#0 /var/www/php/dev/nskolaris/tuplanya/app/webroot/index.php(100): Dispatcher->dispatch(Object(CakeRequest), Object(CakeResponse))
#1 {main}
2016-01-16 18:31:29 Error: [MissingControllerException] Controller class Www.tuplanya.comController could not be found.
Exception Attributes: array (
  'class' => 'Www.tuplanya.comController',
  'plugin' => NULL,
)
Request URL: /tuplanya/www.tuplanya.com
Stack Trace:
#0 /var/www/php/dev/nskolaris/tuplanya/app/webroot/index.php(100): Dispatcher->dispatch(Object(CakeRequest), Object(CakeResponse))
#1 {main}
2016-01-17 01:37:35 Error: [MissingControllerException] Controller class CssController could not be found.
Exception Attributes: array (
  'class' => 'CssController',
  'plugin' => NULL,
)
Request URL: /tuplanya/css/.css
Stack Trace:
#0 /var/www/php/dev/nskolaris/tuplanya/app/webroot/index.php(100): Dispatcher->dispatch(Object(CakeRequest), Object(CakeResponse))
#1 {main}
2016-01-17 01:37:35 Error: [MissingControllerException] Controller class JsController could not be found.
Exception Attributes: array (
  'class' => 'JsController',
  'plugin' => NULL,
)
Request URL: /tuplanya/js/.js
Stack Trace:
#0 /var/www/php/dev/nskolaris/tuplanya/app/webroot/index.php(100): Dispatcher->dispatch(Object(CakeRequest), Object(CakeResponse))
#1 {main}
2016-01-17 20:56:12 Error: [MissingControllerException] Controller class JsController could not be found.
Exception Attributes: array (
  'class' => 'JsController',
  'plugin' => NULL,
)
Request URL: /tuplanya/js/%7Bpath%7D
Stack Trace:
#0 /var/www/php/dev/nskolaris/tuplanya/app/webroot/index.php(100): Dispatcher->dispatch(Object(CakeRequest), Object(CakeResponse))
#1 {main}
2016-05-05 19:58:57 Error: [MissingControllerException] Controller class Www.tuplanya.comController could not be found.
Exception Attributes: array (
  'class' => 'Www.tuplanya.comController',
  'plugin' => NULL,
)
Request URL: /tuplanya/www.tuplanya.com
Stack Trace:
#0 /var/www/php/dev/nskolaris/tuplanya/app/webroot/index.php(100): Dispatcher->dispatch(Object(CakeRequest), Object(CakeResponse))
#1 {main}
2016-05-16 10:35:58 Error: [MissingControllerException] Controller class Planes-de-ahorroController could not be found.
Exception Attributes: array (
  'class' => 'Planes-de-ahorroController',
  'plugin' => NULL,
)
Request URL: /tuplanya/planes-de-ahorro/nuevos/wp-admin/admin-ajax.php
Stack Trace:
#0 /var/www/php/dev/nskolaris/tuplanya/app/webroot/index.php(100): Dispatcher->dispatch(Object(CakeRequest), Object(CakeResponse))
#1 {main}
2016-05-16 10:35:59 Error: [MissingControllerException] Controller class Planes-de-ahorroController could not be found.
Exception Attributes: array (
  'class' => 'Planes-de-ahorroController',
  'plugin' => NULL,
)
Request URL: /tuplanya/planes-de-ahorro/nuevos/wp-admin/admin-ajax.php
Stack Trace:
#0 /var/www/php/dev/nskolaris/tuplanya/app/webroot/index.php(100): Dispatcher->dispatch(Object(CakeRequest), Object(CakeResponse))
#1 {main}
2016-05-16 10:36:00 Error: [MissingControllerException] Controller class Planes-de-ahorroController could not be found.
Exception Attributes: array (
  'class' => 'Planes-de-ahorroController',
  'plugin' => NULL,
)
Request URL: /tuplanya/planes-de-ahorro/nuevos//wp-admin/options-link.php?x1=
Stack Trace:
#0 /var/www/php/dev/nskolaris/tuplanya/app/webroot/index.php(100): Dispatcher->dispatch(Object(CakeRequest), Object(CakeResponse))
#1 {main}
2016-05-16 10:36:04 Error: [MissingControllerException] Controller class Planes-de-ahorroController could not be found.
Exception Attributes: array (
  'class' => 'Planes-de-ahorroController',
  'plugin' => NULL,
)
Request URL: /tuplanya/planes-de-ahorro/nuevos//wp-admin/includes/themes.php?x1=
Stack Trace:
#0 /var/www/php/dev/nskolaris/tuplanya/app/webroot/index.php(100): Dispatcher->dispatch(Object(CakeRequest), Object(CakeResponse))
#1 {main}
2016-05-16 10:36:08 Error: [MissingControllerException] Controller class Planes-de-ahorroController could not be found.
Exception Attributes: array (
  'class' => 'Planes-de-ahorroController',
  'plugin' => NULL,
)
Request URL: /tuplanya/planes-de-ahorro/nuevos/wp-admin/admin-ajax.php
Stack Trace:
#0 /var/www/php/dev/nskolaris/tuplanya/app/webroot/index.php(100): Dispatcher->dispatch(Object(CakeRequest), Object(CakeResponse))
#1 {main}
2016-05-16 10:36:09 Error: [MissingControllerException] Controller class Planes-de-ahorroController could not be found.
Exception Attributes: array (
  'class' => 'Planes-de-ahorroController',
  'plugin' => NULL,
)
Request URL: /tuplanya/planes-de-ahorro/nuevos//wp-admin/options-link.php?x1=
Stack Trace:
#0 /var/www/php/dev/nskolaris/tuplanya/app/webroot/index.php(100): Dispatcher->dispatch(Object(CakeRequest), Object(CakeResponse))
#1 {main}
2016-05-16 10:36:13 Error: [MissingControllerException] Controller class Planes-de-ahorroController could not be found.
Exception Attributes: array (
  'class' => 'Planes-de-ahorroController',
  'plugin' => NULL,
)
Request URL: /tuplanya/planes-de-ahorro/nuevos//wp-admin/includes/themes.php?x1=
Stack Trace:
#0 /var/www/php/dev/nskolaris/tuplanya/app/webroot/index.php(100): Dispatcher->dispatch(Object(CakeRequest), Object(CakeResponse))
#1 {main}
2016-05-16 10:36:17 Error: [MissingControllerException] Controller class Planes-de-ahorroController could not be found.
Exception Attributes: array (
  'class' => 'Planes-de-ahorroController',
  'plugin' => NULL,
)
Request URL: /tuplanya/planes-de-ahorro/nuevos/wp-admin/admin-ajax.php
Stack Trace:
#0 /var/www/php/dev/nskolaris/tuplanya/app/webroot/index.php(100): Dispatcher->dispatch(Object(CakeRequest), Object(CakeResponse))
#1 {main}
2016-05-16 10:36:17 Error: [MissingControllerException] Controller class Planes-de-ahorroController could not be found.
Exception Attributes: array (
  'class' => 'Planes-de-ahorroController',
  'plugin' => NULL,
)
Request URL: /tuplanya/planes-de-ahorro/nuevos//wp-admin/options-link.php?x1=
Stack Trace:
#0 /var/www/php/dev/nskolaris/tuplanya/app/webroot/index.php(100): Dispatcher->dispatch(Object(CakeRequest), Object(CakeResponse))
#1 {main}
2016-05-16 10:36:21 Error: [MissingControllerException] Controller class Planes-de-ahorroController could not be found.
Exception Attributes: array (
  'class' => 'Planes-de-ahorroController',
  'plugin' => NULL,
)
Request URL: /tuplanya/planes-de-ahorro/nuevos//wp-admin/includes/themes.php?x1=
Stack Trace:
#0 /var/www/php/dev/nskolaris/tuplanya/app/webroot/index.php(100): Dispatcher->dispatch(Object(CakeRequest), Object(CakeResponse))
#1 {main}
2016-05-16 10:36:30 Error: [MissingControllerException] Controller class Planes-de-ahorroController could not be found.
Exception Attributes: array (
  'class' => 'Planes-de-ahorroController',
  'plugin' => NULL,
)
Request URL: /tuplanya/planes-de-ahorro/nuevos/wp-admin/admin-ajax.php?action=revslider_show_image&img=..%2Fwp-config.php
Stack Trace:
#0 /var/www/php/dev/nskolaris/tuplanya/app/webroot/index.php(100): Dispatcher->dispatch(Object(CakeRequest), Object(CakeResponse))
#1 {main}
2016-05-16 10:36:31 Error: [MissingControllerException] Controller class Planes-de-ahorroController could not be found.
Exception Attributes: array (
  'class' => 'Planes-de-ahorroController',
  'plugin' => NULL,
)
Request URL: /tuplanya/planes-de-ahorro/nuevos/wp-admin/admin-ajax.php?action=revolution-slider_show_image&img=..%2Fwp-config.php
Stack Trace:
#0 /var/www/php/dev/nskolaris/tuplanya/app/webroot/index.php(100): Dispatcher->dispatch(Object(CakeRequest), Object(CakeResponse))
#1 {main}
2016-05-16 10:36:31 Error: [MissingControllerException] Controller class Planes-de-ahorroController could not be found.
Exception Attributes: array (
  'class' => 'Planes-de-ahorroController',
  'plugin' => NULL,
)
Request URL: /tuplanya/planes-de-ahorro/nuevos/wp-content/plugins/wp-ecommerce-shop-styling/includes/download.php?filename=..%2F..%2F..%2F..%2Fwp-config.php
Stack Trace:
#0 /var/www/php/dev/nskolaris/tuplanya/app/webroot/index.php(100): Dispatcher->dispatch(Object(CakeRequest), Object(CakeResponse))
#1 {main}
2016-06-02 23:42:35 Error: [MissingControllerException] Controller class CssController could not be found.
Exception Attributes: array (
  'class' => 'CssController',
  'plugin' => NULL,
)
Request URL: /tuplanya/css/.css
Stack Trace:
#0 /var/www/php/dev/nskolaris/tuplanya/app/webroot/index.php(100): Dispatcher->dispatch(Object(CakeRequest), Object(CakeResponse))
#1 {main}
2016-06-02 23:42:36 Error: [MissingControllerException] Controller class JsController could not be found.
Exception Attributes: array (
  'class' => 'JsController',
  'plugin' => NULL,
)
Request URL: /tuplanya/js/.js
Stack Trace:
#0 /var/www/php/dev/nskolaris/tuplanya/app/webroot/index.php(100): Dispatcher->dispatch(Object(CakeRequest), Object(CakeResponse))
#1 {main}
2016-06-02 23:57:23 Error: [MissingControllerException] Controller class CssController could not be found.
Exception Attributes: array (
  'class' => 'CssController',
  'plugin' => NULL,
)
Request URL: /tuplanya/css/.css
Stack Trace:
#0 /var/www/php/dev/nskolaris/tuplanya/app/webroot/index.php(100): Dispatcher->dispatch(Object(CakeRequest), Object(CakeResponse))
#1 {main}
2016-06-02 23:57:26 Error: [MissingControllerException] Controller class JsController could not be found.
Exception Attributes: array (
  'class' => 'JsController',
  'plugin' => NULL,
)
Request URL: /tuplanya/js/.js
Stack Trace:
#0 /var/www/php/dev/nskolaris/tuplanya/app/webroot/index.php(100): Dispatcher->dispatch(Object(CakeRequest), Object(CakeResponse))
#1 {main}
2016-06-25 07:41:58 Error: [MissingControllerException] Controller class Www.tuplanya.comController could not be found.
Exception Attributes: array (
  'class' => 'Www.tuplanya.comController',
  'plugin' => NULL,
)
Request URL: /tuplanya/www.tuplanya.com
Stack Trace:
#0 /var/www/php/dev/nskolaris/tuplanya/app/webroot/index.php(100): Dispatcher->dispatch(Object(CakeRequest), Object(CakeResponse))
#1 {main}
2016-07-18 17:27:23 Error: [MissingControllerException] Controller class Www.tuplanya.comController could not be found.
Exception Attributes: array (
  'class' => 'Www.tuplanya.comController',
  'plugin' => NULL,
)
Request URL: /tuplanya/www.tuplanya.com
Stack Trace:
#0 /var/www/php/dev/nskolaris/tuplanya/app/webroot/index.php(100): Dispatcher->dispatch(Object(CakeRequest), Object(CakeResponse))
#1 {main}
2016-08-10 05:39:30 Error: [MissingControllerException] Controller class JsController could not be found.
Exception Attributes: array (
  'class' => 'JsController',
  'plugin' => NULL,
)
Request URL: /tuplanya/js/.js
Stack Trace:
#0 /var/www/php/dev/nskolaris/tuplanya/app/webroot/index.php(100): Dispatcher->dispatch(Object(CakeRequest), Object(CakeResponse))
#1 {main}
2016-08-10 05:39:33 Error: [MissingControllerException] Controller class CssController could not be found.
Exception Attributes: array (
  'class' => 'CssController',
  'plugin' => NULL,
)
Request URL: /tuplanya/css/.css
Stack Trace:
#0 /var/www/php/dev/nskolaris/tuplanya/app/webroot/index.php(100): Dispatcher->dispatch(Object(CakeRequest), Object(CakeResponse))
#1 {main}
2016-08-16 19:16:22 Error: [MissingControllerException] Controller class Www.tuplanya.comController could not be found.
Exception Attributes: array (
  'class' => 'Www.tuplanya.comController',
  'plugin' => NULL,
)
Request URL: /tuplanya/www.tuplanya.com
Stack Trace:
#0 /var/www/php/dev/nskolaris/tuplanya/app/webroot/index.php(100): Dispatcher->dispatch(Object(CakeRequest), Object(CakeResponse))
#1 {main}
